<?xml version="1.0" encoding="UTF-8"?>
<testng-results ignored="0" total="1" passed="1" failed="0" skipped="0">
  <reporter-output>
  </reporter-output>
  <suite started-at="2021-05-30T17:24:37 IST" name="Default suite" finished-at="2021-05-30T17:27:42 IST" duration-ms="185375">
    <groups>
    </groups>
    <test started-at="2021-05-30T17:24:37 IST" name="Default test" finished-at="2021-05-30T17:27:42 IST" duration-ms="185375">
      <class name="com.amazon.test.AmazonTest">
        <test-method is-config="true" signature="invokeBrowser()[pri:0, instance:com.amazon.test.AmazonTest@2892dae4]" started-at="2021-05-30T17:24:37 IST" name="invokeBrowser" finished-at="2021-05-30T17:26:12 IST" duration-ms="94767" status="PASS">
          <reporter-output>
          </reporter-output>
        </test-method> <!-- invokeBrowser -->
        <test-method signature="searchProduct()[pri:0, instance:com.amazon.test.AmazonTest@2892dae4]" started-at="2021-05-30T17:26:12 IST" name="searchProduct" finished-at="2021-05-30T17:27:26 IST" duration-ms="74008" status="PASS">
          <reporter-output>
          </reporter-output>
        </test-method> <!-- searchProduct -->
        <test-method is-config="true" signature="closeBrowser()[pri:0, instance:com.amazon.test.AmazonTest@2892dae4]" started-at="2021-05-30T17:27:26 IST" name="closeBrowser" finished-at="2021-05-30T17:27:42 IST" duration-ms="15572" status="PASS">
          <reporter-output>
          </reporter-output>
        </test-method> <!-- closeBrowser -->
      </class> <!-- com.amazon.test.AmazonTest -->
    </test> <!-- Default test -->
  </suite> <!-- Default suite -->
</testng-results>
